\BOOKMARK [0][]{chapter*.2}{\376\377\122\115\212\000}{}% 1
\BOOKMARK [1][]{section*.3}{\376\377\145\207\150\143\133\232\117\115\377\032\135\345\153\062\125\204\121\166\116\213\377\014\137\305\121\110\122\051\121\166\126\150}{chapter*.2}% 2
\BOOKMARK [1][]{Item.4}{\376\377\176\304\176\307\137\142\137\017}{chapter*.2}% 3
\BOOKMARK [1][]{Item.6}{\376\377\123\206\116\373\116\073\122\157\177\026}{chapter*.2}% 4
\BOOKMARK [1][]{Item.6}{\376\377\176\317\123\206\122\006\116\253}{chapter*.2}% 5
\BOOKMARK [2][]{section*.4}{\376\377\0002\0000\0001\0002\040\024\040\024\122\115\212\000\116\000}{Item.6}% 6
\BOOKMARK [2][]{section*.4}{\376\377\0002\0000\0001\0004\040\024\040\024\122\115\212\000\116\214}{Item.6}% 7
\BOOKMARK [2][]{section*.4}{\376\377\0002\0000\0002\0000\040\024\040\024\122\115\212\000\116\011}{Item.6}% 8
\BOOKMARK [2][]{section*.4}{\376\377\0002\0000\0001\0004\000.\0007\000.\0003\0000\040\024\040\024\000U\000b\000u\000n\000t\000u\124\214\000W\000i\000n\0007\123\314\174\373\176\337\133\211\210\305\147\000\176\310\211\343\121\263\116\113\220\123}{Item.6}% 9
\BOOKMARK [2][]{section*.4}{\376\377\0002\0000\0001\0004\000.\0009\000.\0001\0001\040\024\040\024\123\314\146\076\123\141\232\161\122\250\147\000\176\310\211\343\121\263\116\113\220\123}{Item.6}% 10
\BOOKMARK [2][]{section*.4}{\376\377\0002\0000\0001\0004\000.\0001\0000\000.\0001\0005\040\024\040\024\123\310\217\333\116\015\116\206\174\373\176\337\116\206}{Item.6}% 11
\BOOKMARK [2][]{section*.4}{\376\377\0002\0000\0002\0000\000.\0000\0004\000.\0002\0007\040\024\040\024\131\175\116\105\154\241\217\331\116\110\142\230\201\176\116\206}{Item.6}% 12
\BOOKMARK [1][]{section*.4}{\376\377\173\054\116\000\153\041\143\250\220\001\142\123\123\141}{chapter*.2}% 13
\BOOKMARK [-1][]{part.0}{\376\377\173\054\226\366\220\350\122\006\000\040\121\145\225\350\137\305\131\007}{}% 14
\BOOKMARK [0][]{chapter.1}{\376\377\0001\000\040\000G\000i\000t\040\024\040\024\172\013\136\217\124\214\145\207\150\143\166\204\162\110\147\054\173\241\164\006}{part.0}% 15
\BOOKMARK [1][]{section.1.1}{\376\377\0001\000.\0001\000\040\133\146\116\140\123\302\200\003\215\104\145\231}{chapter.1}% 16
\BOOKMARK [1][]{section.1.2}{\376\377\0001\000.\0002\000\040\143\250\203\120\166\204\133\146\116\140\153\145\232\244\116\016\166\356\150\007}{chapter.1}% 17
\BOOKMARK [1][]{section.1.3}{\376\377\0001\000.\0003\000\040\127\372\147\054\140\035\140\363\124\214\123\206\123\362}{chapter.1}% 18
\BOOKMARK [1][]{section.1.4}{\376\377\0001\000.\0004\000\040\217\157\116\366\133\211\210\305}{chapter.1}% 19
\BOOKMARK [2][]{subsection.1.4.1}{\376\377\0001\000.\0004\000.\0001\000\040\000L\000i\000n\000u\000x\162\110\147\054\133\211\210\305}{section.1.4}% 20
\BOOKMARK [2][]{subsection.1.4.2}{\376\377\0001\000.\0004\000.\0002\000\040\000W\000i\000n\000d\000o\000w\000s\162\110\147\054\133\211\210\305}{section.1.4}% 21
\BOOKMARK [1][]{section.1.5}{\376\377\0001\000.\0005\000\040\221\115\177\156\116\016\144\315\117\134}{chapter.1}% 22
\BOOKMARK [2][]{subsection.1.5.1}{\376\377\0001\000.\0005\000.\0001\000\040\122\035\131\313\123\026}{section.1.5}% 23
\BOOKMARK [2][]{subsection.1.5.2}{\376\377\0001\000.\0005\000.\0002\000\040\143\320\116\244}{section.1.5}% 24
\BOOKMARK [2][]{subsection.1.5.3}{\376\377\0001\000.\0005\000.\0003\000\040\162\110\147\054\172\177\150\255}{section.1.5}% 25
\BOOKMARK [2][]{subsection.1.5.4}{\376\377\0001\000.\0005\000.\0004\000\040\153\324\217\203\145\207\116\366\135\356\137\002}{section.1.5}% 26
\BOOKMARK [2][]{subsection.1.5.5}{\376\377\0001\000.\0005\000.\0005\000\040\122\006\145\057\173\241\164\006}{section.1.5}% 27
\BOOKMARK [1][]{section.1.6}{\376\377\0001\000.\0006\000\040\217\334\172\013\116\323\136\223\000G\000i\000t\000h\000u\000b}{chapter.1}% 28
\BOOKMARK [2][]{subsection.1.6.1}{\376\377\0001\000.\0006\000.\0001\000\040\122\033\136\372\217\334\172\013\116\323\136\223}{section.1.6}% 29
\BOOKMARK [2][]{subsection.1.6.2}{\376\377\0001\000.\0006\000.\0002\000\040\143\250\220\001\122\060\217\334\172\013\116\323\136\223}{section.1.6}% 30
\BOOKMARK [2][]{subsection.1.6.3}{\376\377\0001\000.\0006\000.\0003\000\040\217\334\172\013\116\323\136\223\124\010\136\166}{section.1.6}% 31
\BOOKMARK [0][]{chapter.2}{\376\377\0002\000\040\000L\000a\000T\000e\000X\040\024\040\024\177\026\213\321\127\213\145\207\150\143\143\222\162\110\174\373\176\337}{part.0}% 32
\BOOKMARK [1][]{section.2.1}{\376\377\0002\000.\0001\000\040\133\146\116\140\123\302\200\003\215\104\145\231}{chapter.2}% 33
\BOOKMARK [1][]{section.2.2}{\376\377\0002\000.\0002\000\040\127\372\147\054\140\035\140\363\124\214\123\206\123\362}{chapter.2}% 34
\BOOKMARK [1][]{section.2.3}{\376\377\0002\000.\0003\000\040\116\073\117\123\123\321\210\114\162\110\040\024\040\024\000T\000e\000X\000\040\000L\000i\000v\000e\000\040}{chapter.2}% 35
\BOOKMARK [2][]{subsection.2.3.1}{\376\377\0002\000.\0003\000.\0001\000\040\000W\000i\000n\0001\0000\116\013\133\211\210\305}{section.2.3}% 36
\BOOKMARK [2][]{subsection.2.3.2}{\376\377\0002\000.\0003\000.\0002\000\040\000U\000b\000u\000n\000t\000u\116\013\133\211\210\305}{section.2.3}% 37
\BOOKMARK [1][]{section.2.4}{\376\377\0002\000.\0004\000\040\000T\000e\000x\000w\000o\000r\000k\000s}{chapter.2}% 38
\BOOKMARK [2][]{subsection.2.4.1}{\376\377\0002\000.\0004\000.\0001\000\040\133\211\210\305}{section.2.4}% 39
\BOOKMARK [2][]{subsection.2.4.2}{\376\377\0002\000.\0004\000.\0002\000\040\173\200\217\360}{section.2.4}% 40
\BOOKMARK [2][]{subsection.2.4.3}{\376\377\0002\000.\0004\000.\0003\000\040\163\257\130\203\174\173}{section.2.4}% 41
\BOOKMARK [2][]{subsection.2.4.4}{\376\377\0002\000.\0004\000.\0004\000\040\133\127\117\123}{section.2.4}% 42
\BOOKMARK [2][]{subsection.2.4.5}{\376\377\0002\000.\0004\000.\0005\000\040\136\014\201\112\133\127\153\315\174\173}{section.2.4}% 43
\BOOKMARK [2][]{subsection.2.4.6}{\376\377\0002\000.\0004\000.\0006\000\040\172\340\202\202\124\175\116\344}{section.2.4}% 44
\BOOKMARK [2][]{subsection.2.4.7}{\376\377\0002\000.\0004\000.\0007\000\040\123\302\200\003\145\207\163\056}{section.2.4}% 45
\BOOKMARK [2][]{subsection.2.4.8}{\376\377\0002\000.\0004\000.\0008\000\040\147\102\230\171\116\016\146\156\220\032\124\175\116\344}{section.2.4}% 46
\BOOKMARK [0][]{chapter.3}{\376\377\0003\000\040\171\321\170\024\121\145\225\350\142\200\200\375\123\312\137\303\137\227}{part.0}% 47
\BOOKMARK [1][]{section.3.1}{\376\377\0003\000.\0001\000\040\171\321\170\024\133\374\136\010\166\204\220\011\142\351}{chapter.3}% 48
\BOOKMARK [1][]{section.3.2}{\376\377\0003\000.\0002\000\040\116\000\116\233\213\345\154\350\121\214\166\204}{chapter.3}% 49
\BOOKMARK [2][]{subsection.3.2.1}{\376\377\0003\000.\0002\000.\0001\000\040\000G\000m\000a\000i\000l}{section.3.2}% 50
\BOOKMARK [1][]{section.3.3}{\376\377\0003\000.\0003\000\040\171\321\170\024\215\104\156\220}{chapter.3}% 51
\BOOKMARK [1][]{section.3.4}{\376\377\0003\000.\0004\000\040\000G\000o\000o\000g\000l\000e\133\146\147\057\040\024\040\024\145\207\163\056\150\300\175\042\116\016\143\250\220\001}{chapter.3}% 52
\BOOKMARK [1][]{section.3.5}{\376\377\0003\000.\0005\000\040\000Z\000o\000t\000e\000r\000o\040\024\040\024\121\115\215\071\145\207\163\056\173\241\164\006\135\345\121\167}{chapter.3}% 53
\BOOKMARK [1][]{section.3.6}{\376\377\0003\000.\0006\000\040\000R\000e\000c\000o\000l\000l\040\024\040\024\000P\000d\000f\142\171\221\317\121\150\145\207\144\034\175\042\135\345\121\167}{chapter.3}% 54
\BOOKMARK [1][]{section.3.7}{\376\377\0003\000.\0007\000\040\201\352\161\066\171\321\133\146\213\272\145\207\121\231\117\134}{chapter.3}% 55
\BOOKMARK [2][]{subsection.3.7.1}{\376\377\0003\000.\0007\000.\0001\000\040\144\130\211\201\377\010\000A\000b\000s\000t\000r\000a\000c\000t\377\011}{section.3.7}% 56
\BOOKMARK [2][]{subsection.3.7.2}{\376\377\0003\000.\0007\000.\0002\000\040\137\025\212\000\377\010\000I\000n\000t\000r\000o\000d\000u\000c\000t\000i\000o\000n\377\011}{section.3.7}% 57
\BOOKMARK [1][]{section.3.8}{\376\377\0003\000.\0008\000\040\000P\000P\000T}{chapter.3}% 58
\BOOKMARK [-1][]{part.1}{\376\377\173\054\116\000\220\350\122\006\000\040\000U\000b\000u\000n\000t\000u}{}% 59
\BOOKMARK [0][]{chapter.4}{\376\377\0004\000\040\127\372\147\054\151\202\137\365}{part.1}% 60
\BOOKMARK [1][]{section.4.1}{\376\377\0004\000.\0001\000\040\217\157\116\366\123\005\123\312\217\157\116\366\116\323\136\223}{chapter.4}% 61
\BOOKMARK [2][]{subsection.4.1.1}{\376\377\0004\000.\0001\000.\0001\000\040\000U\000b\000u\000n\000t\000u\217\157\116\366\123\005}{section.4.1}% 62
\BOOKMARK [2][]{subsection.4.1.2}{\376\377\0004\000.\0001\000.\0002\000\040\217\157\116\366\116\323\136\223\377\010\217\157\116\366\156\220\377\011}{section.4.1}% 63
\BOOKMARK [1][]{section.4.2}{\376\377\0004\000.\0002\000\040\000U\000b\000u\000n\000t\000u\133\236\165\050\135\345\121\167}{chapter.4}% 64
\BOOKMARK [2][]{subsection.4.2.1}{\376\377\0004\000.\0002\000.\0001\000\040\000a\000p\000t\040\024\040\024\232\330\176\247\217\157\116\366\123\005\173\241\164\006\135\345\121\167}{section.4.2}% 65
\BOOKMARK [2][]{subsection.4.2.2}{\376\377\0004\000.\0002\000.\0002\000\040\000d\000p\000k\000g\040\024\040\024\136\225\134\102\217\157\116\366\123\005\173\241\164\006\135\345\121\167}{section.4.2}% 66
\BOOKMARK [2][]{subsection.4.2.3}{\376\377\0004\000.\0002\000.\0003\000\040\000a\000l\000i\000e\000n\040\024\040\024\217\157\116\366\123\005\217\154\143\142\135\345\121\167}{section.4.2}% 67
\BOOKMARK [0][]{chapter.5}{\376\377\0005\000\040\133\211\210\305\123\312\217\157\116\366\136\224\165\050}{part.1}% 68
\BOOKMARK [1][]{section.5.1}{\376\377\0005\000.\0001\000\040\000U\000b\000u\000n\000t\000u\000\040\000D\000e\000s\000k\000t\000o\000p}{chapter.5}% 69
\BOOKMARK [2][]{subsection.5.1.1}{\376\377\0005\000.\0001\000.\0001\000\040\116\013\217\175}{section.5.1}% 70
\BOOKMARK [2][]{subsection.5.1.2}{\376\377\0005\000.\0001\000.\0002\000\040\133\211\210\305}{section.5.1}% 71
\BOOKMARK [1][]{section.5.2}{\376\377\0005\000.\0002\000\040\000F\000c\000i\000t\000x}{chapter.5}% 72
\BOOKMARK [1][]{section.5.3}{\376\377\0005\000.\0003\000\040\000u\000G\000e\000t\116\013\217\175\135\345\121\167}{chapter.5}% 73
\BOOKMARK [1][]{section.5.4}{\376\377\0005\000.\0004\000\040\000V\000i\000r\000t\000u\000a\000l\000b\000o\000x}{chapter.5}% 74
\BOOKMARK [2][]{subsection.5.4.1}{\376\377\0005\000.\0004\000.\0001\000\040\133\211\210\305\000v\000i\000r\000t\000u\000a\000l\000b\000o\000x}{section.5.4}% 75
\BOOKMARK [2][]{subsection.5.4.2}{\376\377\0005\000.\0004\000.\0002\000\040\122\033\136\372\206\132\142\337\147\072}{section.5.4}% 76
\BOOKMARK [2][]{subsection.5.4.3}{\376\377\0005\000.\0004\000.\0003\000\040\116\072\206\132\142\337\147\072\124\057\165\050\000U\000S\000B\213\276\131\007}{section.5.4}% 77
\BOOKMARK [2][]{subsection.5.4.4}{\376\377\0005\000.\0004\000.\0004\000\040\155\373\122\240\130\236\137\072\122\237\200\375}{section.5.4}% 78
\BOOKMARK [2][]{subsection.5.4.5}{\376\377\0005\000.\0004\000.\0005\000\040\220\107\122\060\166\204\225\356\230\230}{section.5.4}% 79
\BOOKMARK [1][]{section.5.5}{\376\377\0005\000.\0005\000\040\000G\000n\000u\000p\000l\000o\000t}{chapter.5}% 80
\BOOKMARK [2][]{subsection.5.5.1}{\376\377\0005\000.\0005\000.\0001\000\040\133\211\210\305}{section.5.5}% 81
\BOOKMARK [2][]{subsection.5.5.2}{\376\377\0005\000.\0005\000.\0002\000\040\145\207\116\366\213\276\177\156}{section.5.5}% 82
\BOOKMARK [2][]{subsection.5.5.3}{\376\377\0005\000.\0005\000.\0003\000\040\126\376\162\107\213\276\177\156}{section.5.5}% 83
\BOOKMARK [2][]{subsection.5.5.4}{\376\377\0005\000.\0005\000.\0004\000\040\127\120\150\007\217\164\213\276\177\156}{section.5.5}% 84
\BOOKMARK [2][]{subsection.5.5.5}{\376\377\0005\000.\0005\000.\0005\000\040\116\343\170\001\171\072\117\213}{section.5.5}% 85
\BOOKMARK [1][]{section.5.6}{\376\377\0005\000.\0006\000\040\000I\000n\000t\000e\000l\000\040\000F\000o\000r\000t\000r\000a\000n}{chapter.5}% 86
\BOOKMARK [2][]{subsection.5.6.1}{\376\377\0005\000.\0006\000.\0001\000\040\177\026\213\321\126\150\166\204\203\267\123\326}{section.5.6}% 87
\BOOKMARK [2][]{subsection.5.6.2}{\376\377\0005\000.\0006\000.\0002\000\040\177\026\213\321\126\150\166\204\133\211\210\305}{section.5.6}% 88
\BOOKMARK [1][]{section.5.7}{\376\377\0005\000.\0007\000\040\217\334\172\013\166\173\137\125\147\015\122\241\126\150\040\024\040\024\000s\000s\000h}{chapter.5}% 89
\BOOKMARK [2][]{subsection.5.7.1}{\376\377\0005\000.\0007\000.\0001\000\040\147\015\122\241\172\357}{section.5.7}% 90
\BOOKMARK [2][]{subsection.5.7.2}{\376\377\0005\000.\0007\000.\0002\000\040\165\050\142\067\172\357}{section.5.7}% 91
\BOOKMARK [2][]{subsection.5.7.3}{\376\377\0005\000.\0007\000.\0003\000\040\217\334\172\013\145\207\116\366\117\040\217\223}{section.5.7}% 92
\BOOKMARK [2][]{subsection.5.7.4}{\376\377\0005\000.\0007\000.\0004\000\040\211\343\121\263\000s\000s\000h\166\204\000`\000`\000W\000r\000i\000t\000e\000\040\000f\000a\000i\000l\000e\000d\000:\000\040\000B\000r\000o\000k\000e\000n\000\040\000p\000i\000p\000e\000"\225\356\230\230}{section.5.7}% 93
\BOOKMARK [1][]{section.5.8}{\376\377\0005\000.\0008\000\040\000L\000i\000n\000u\000x\117\134\116\032\173\241\164\006\174\373\176\337\040\024\040\024\000P\000B\000S}{chapter.5}% 94
\BOOKMARK [2][]{subsection.5.8.1}{\376\377\0005\000.\0008\000.\0001\000\040\000U\000b\000u\000n\000t\000u\0001\0004\000.\0000\0004\133\211\210\305\221\115\177\156\000T\000o\000r\000q\000u\000e}{section.5.8}% 95
\BOOKMARK [2][]{subsection.5.8.2}{\376\377\0005\000.\0008\000.\0002\000\040\221\315\211\201\213\364\146\016}{section.5.8}% 96
\BOOKMARK [2][]{subsection.5.8.3}{\376\377\0005\000.\0008\000.\0003\000\040\000P\000B\000S\124\175\116\344}{section.5.8}% 97
\BOOKMARK [2][]{subsection.5.8.4}{\376\377\0005\000.\0008\000.\0004\000\040\000P\000B\000S\000\040\201\032\147\054\145\207\116\366}{section.5.8}% 98
\BOOKMARK [2][]{subsection.5.8.5}{\376\377\0005\000.\0008\000.\0005\000\040\213\276\177\156\147\000\131\047\226\037\122\027\145\160}{section.5.8}% 99
\BOOKMARK [1][]{section.5.9}{\376\377\0005\000.\0009\000\040\000L\000i\000n\000u\000x\000\040\117\134\116\032\173\241\164\006\174\373\176\337\040\024\040\024\000L\000S\000F}{chapter.5}% 100
\BOOKMARK [2][]{subsection.5.9.1}{\376\377\0005\000.\0009\000.\0001\000\040\136\070\165\050\124\175\116\344}{section.5.9}% 101
\BOOKMARK [1][]{section.5.10}{\376\377\0005\000.\0001\0000\000\040\000G\000v\000i\000m\166\204\117\177\165\050}{chapter.5}% 102
\BOOKMARK [2][]{subsection.5.10.1}{\376\377\0005\000.\0001\0000\000.\0001\000\040\136\070\165\050\221\115\177\156}{section.5.10}% 103
\BOOKMARK [2][]{subsection.5.10.2}{\376\377\0005\000.\0001\0000\000.\0002\000\040\136\070\165\050\124\175\116\344}{section.5.10}% 104
\BOOKMARK [2][]{subsection.5.10.3}{\376\377\0005\000.\0001\0000\000.\0003\000\040\116\000\202\054\152\041\137\017\000\050\124\175\116\344\152\041\137\017\000\051}{section.5.10}% 105
\BOOKMARK [2][]{subsection.5.10.4}{\376\377\0005\000.\0001\0000\000.\0004\000\040\177\026\217\221\152\041\137\017}{section.5.10}% 106
\BOOKMARK [2][]{subsection.5.10.5}{\376\377\0005\000.\0001\0000\000.\0005\000\040\000v\000i\000m\116\055\117\177\165\050\174\373\176\337\174\230\215\064\147\177}{section.5.10}% 107
\BOOKMARK [0][]{chapter.6}{\376\377\0006\000\040\144\315\117\134\221\115\177\156}{part.1}% 108
\BOOKMARK [1][]{section.6.1}{\376\377\0006\000.\0001\000\040\137\353\143\167\225\056}{chapter.6}% 109
\BOOKMARK [1][]{section.6.2}{\376\377\0006\000.\0002\000\040\000r\000o\000o\000t\216\253\116\375\166\173\121\145}{chapter.6}% 110
\BOOKMARK [1][]{section.6.3}{\376\377\0006\000.\0003\000\040\000g\000e\000d\000i\000t\000\040\116\055\145\207\116\161\170\001\166\204\225\356\230\230}{chapter.6}% 111
\BOOKMARK [1][]{section.6.4}{\376\377\0006\000.\0004\000\040\117\356\145\071\000\040\000h\000o\000s\000t\000\040\145\207\116\366}{chapter.6}% 112
\BOOKMARK [1][]{section.6.5}{\376\377\0006\000.\0005\000\040\000L\000i\000n\000u\000x\116\013\147\345\167\013\145\207\116\366\177\026\170\001\123\312\117\356\145\071\177\026\170\001}{chapter.6}% 113
\BOOKMARK [2][]{subsection.6.5.1}{\376\377\0006\000.\0005\000.\0001\000\040\147\345\167\013\145\207\116\366\177\026\170\001}{section.6.5}% 114
\BOOKMARK [2][]{subsection.6.5.2}{\376\377\0006\000.\0005\000.\0002\000\040\145\207\116\366\177\026\170\001\217\154\143\142}{section.6.5}% 115
\BOOKMARK [2][]{subsection.6.5.3}{\376\377\0006\000.\0005\000.\0003\000\040\145\207\116\366\124\015\177\026\170\001\217\154\143\142}{section.6.5}% 116
\BOOKMARK [1][]{section.6.6}{\376\377\0006\000.\0006\000\040\133\127\117\123}{chapter.6}% 117
\BOOKMARK [1][]{section.6.7}{\376\377\0006\000.\0007\000\040\116\055\145\207\133\127\123\367\122\066\116\016\160\271\145\160\122\066}{chapter.6}% 118
\BOOKMARK [1][]{section.6.8}{\376\377\0006\000.\0008\000\040\000W\000i\000n\0007\000+\000U\000b\000u\000n\000t\000u\123\314\174\373\176\337\145\366\225\364\116\015\116\000\201\364}{chapter.6}% 119
\BOOKMARK [1][]{section.6.9}{\376\377\0006\000.\0009\000\040\000U\000b\000u\000n\000t\000u\000\040\137\000\147\072\213\251\145\160\133\127\134\017\225\056\166\330\160\157\215\167\147\145\000\040}{chapter.6}% 120
\BOOKMARK [1][]{section.6.10}{\376\377\0006\000.\0001\0000\000\040\000U\000b\000u\000n\000t\000u\133\211\210\305\133\214\142\176\116\015\122\060\000W\000i\000n\000d\000o\000w\000s\116\206}{chapter.6}% 121
\BOOKMARK [1][]{section.6.11}{\376\377\0006\000.\0001\0001\000\040\000C\000h\000r\000o\000m\000i\000u\000m\000\040\155\117\211\310\126\150\000\040\000f\000l\000a\000s\000h\000\040\143\322\116\366\225\356\230\230}{chapter.6}% 122
\BOOKMARK [1][]{section.6.12}{\376\377\0006\000.\0001\0002\000\040\000C\000h\000r\000o\000m\000i\000u\000m\000\040\155\117\211\310\126\150\143\322\116\366\173\241\164\006}{chapter.6}% 123
\BOOKMARK [1][]{section.6.13}{\376\377\0006\000.\0001\0003\000\040\123\363\225\056\142\123\137\000\137\123\122\115\215\357\137\204\116\013\166\204\176\310\172\357}{chapter.6}% 124
\BOOKMARK [1][]{section.6.14}{\376\377\0006\000.\0001\0004\000\040\000p\000d\000f\166\204\122\152\122\007\060\001\124\010\136\166\060\001\210\301\217\271}{chapter.6}% 125
\BOOKMARK [2][]{subsection.6.14.1}{\376\377\0006\000.\0001\0004\000.\0001\000\040\000p\000d\000f\124\010\136\166}{section.6.14}% 126
\BOOKMARK [2][]{subsection.6.14.2}{\376\377\0006\000.\0001\0004\000.\0002\000\040\000p\000d\000f\000t\000k}{section.6.14}% 127
\BOOKMARK [2][]{subsection.6.14.3}{\376\377\0006\000.\0001\0004\000.\0003\000\040\000p\000d\000f\210\301\217\271}{section.6.14}% 128
\BOOKMARK [2][]{subsection.6.14.4}{\376\377\0006\000.\0001\0004\000.\0004\000\040\000p\000d\000f\217\154\000e\000p\000s}{section.6.14}% 129
\BOOKMARK [2][]{subsection.6.14.5}{\376\377\0006\000.\0001\0004\000.\0005\000\040\000e\000p\000s\217\154\000p\000d\000f}{section.6.14}% 130
\BOOKMARK [2][]{subsection.6.14.6}{\376\377\0006\000.\0001\0004\000.\0006\000\040\000p\000d\000f\217\154\126\376\162\107}{section.6.14}% 131
\BOOKMARK [1][]{section.6.15}{\376\377\0006\000.\0001\0005\000\040\124\010\136\166\142\026\131\015\122\066\165\050\142\067\122\060\145\260\166\204\174\373\176\337}{chapter.6}% 132
\BOOKMARK [-1][]{part.2}{\376\377\173\054\116\214\220\350\122\006\000\040\000L\000i\000n\000u\000x}{}% 133
\BOOKMARK [0][]{chapter.7}{\376\377\0007\000\040\000L\000i\000n\000u\000x\127\372\147\054\151\202\137\365}{part.2}% 134
\BOOKMARK [1][]{section.7.1}{\376\377\0007\000.\0001\000\040\133\146\116\140\123\312\123\302\200\003\215\104\145\231}{chapter.7}% 135
\BOOKMARK [1][]{section.7.2}{\376\377\0007\000.\0002\000\040\123\321\227\363}{chapter.7}% 136
\BOOKMARK [1][]{section.7.3}{\376\377\0007\000.\0003\000\040\147\145\156\220}{chapter.7}% 137
\BOOKMARK [1][]{section.7.4}{\376\377\0007\000.\0004\000\040\123\321\210\114\162\110}{chapter.7}% 138
\BOOKMARK [1][]{section.7.5}{\376\377\0007\000.\0005\000\040\174\373\176\337\166\356\137\125\176\323\147\204}{chapter.7}% 139
\BOOKMARK [1][]{section.7.6}{\376\377\0007\000.\0006\000\040\145\207\116\366\134\136\140\047}{chapter.7}% 140
\BOOKMARK [1][]{section.7.7}{\376\377\0007\000.\0007\000\040\145\207\116\366\174\173\127\213}{chapter.7}% 141
\BOOKMARK [1][]{section.7.8}{\376\377\0007\000.\0008\000\040\136\223\145\207\116\366}{chapter.7}% 142
\BOOKMARK [2][]{subsection.7.8.1}{\376\377\0007\000.\0008\000.\0001\000\040\116\300\116\110\146\057\000L\000i\000n\000u\000x\136\223}{section.7.8}% 143
\BOOKMARK [2][]{subsection.7.8.2}{\376\377\0007\000.\0008\000.\0002\000\040\136\223\166\204\171\315\174\173}{section.7.8}% 144
\BOOKMARK [2][]{subsection.7.8.3}{\376\377\0007\000.\0008\000.\0003\000\040\136\223\133\130\127\050\166\204\141\017\116\111}{section.7.8}% 145
\BOOKMARK [2][]{subsection.7.8.4}{\376\377\0007\000.\0008\000.\0004\000\040\136\223\145\207\116\366\146\057\131\202\117\125\116\247\165\037\166\204}{section.7.8}% 146
\BOOKMARK [2][]{subsection.7.8.5}{\376\377\0007\000.\0008\000.\0005\000\040\000L\000i\000n\000u\000x\000\040\000.\000o\000\040\000a\000\040\000.\000s\000o\000\040\000.\000l\000a\000\040\000.\000l\000o\166\204\123\072\122\053}{section.7.8}% 147
\BOOKMARK [2][]{subsection.7.8.6}{\376\377\0007\000.\0008\000.\0006\000\040\136\223\145\207\116\366\124\175\124\015\211\304\203\003}{section.7.8}% 148
\BOOKMARK [2][]{subsection.7.8.7}{\376\377\0007\000.\0008\000.\0007\000\040\131\202\117\125\167\345\220\123\116\000\116\052\123\357\142\147\210\114\172\013\136\217\117\235\215\126\124\352\116\233\136\223}{section.7.8}% 149
\BOOKMARK [2][]{subsection.7.8.8}{\376\377\0007\000.\0008\000.\0008\000\040\123\357\142\147\210\114\172\013\136\217\127\050\142\147\210\114\166\204\145\366\120\031\131\202\117\125\133\232\117\115\121\161\116\253\136\223\145\207\116\366}{section.7.8}% 150
\BOOKMARK [2][]{subsection.7.8.9}{\376\377\0007\000.\0008\000.\0009\000\040\127\050\145\260\133\211\210\305\116\000\116\052\136\223\116\113\124\016\131\202\117\125\213\251\174\373\176\337\200\375\131\037\142\176\122\060\116\326}{section.7.8}% 151
\BOOKMARK [1][]{section.7.9}{\376\377\0007\000.\0009\000\040\000L\000i\000n\000u\000x\177\026\213\321\117\177\165\050\224\376\143\245\136\223}{chapter.7}% 152
\BOOKMARK [2][]{subsection.7.9.1}{\376\377\0007\000.\0009\000.\0001\000\040\000-\000l\124\214\000-\000L\123\302\145\160}{section.7.9}% 153
\BOOKMARK [2][]{subsection.7.9.2}{\376\377\0007\000.\0009\000.\0002\000\040\000-\000i\000n\000c\000l\000u\000d\000e\124\214\000-\000I\123\302\145\160}{section.7.9}% 154
\BOOKMARK [2][]{subsection.7.9.3}{\376\377\0007\000.\0009\000.\0003\000\040\000-\000O\123\302\145\160}{section.7.9}% 155
\BOOKMARK [1][]{section.7.10}{\376\377\0007\000.\0001\0000\000\040\126\376\137\142\165\114\227\142\217\330\146\057\124\175\116\344\210\114\165\114\227\142}{chapter.7}% 156
\BOOKMARK [1][]{section.7.11}{\376\377\0007\000.\0001\0001\000\040\215\357\137\204\166\204\151\202\137\365}{chapter.7}% 157
\BOOKMARK [2][]{subsection.7.11.1}{\376\377\0007\000.\0001\0001\000.\0001\000\040\124\175\116\344\147\345\142\176\230\172\136\217}{section.7.11}% 158
\BOOKMARK [1][]{section.7.12}{\376\377\0007\000.\0001\0002\000\040\163\257\130\203\123\330\221\317}{chapter.7}% 159
\BOOKMARK [2][]{subsection.7.12.1}{\376\377\0007\000.\0001\0002\000.\0001\000\040\116\300\116\110\146\057\163\257\130\203\123\330\221\317}{section.7.12}% 160
\BOOKMARK [2][]{subsection.7.12.2}{\376\377\0007\000.\0001\0002\000.\0002\000\040\147\345\167\013\163\257\130\203\123\330\221\317\040\024\040\024\000e\000n\000v}{section.7.12}% 161
\BOOKMARK [2][]{subsection.7.12.3}{\376\377\0007\000.\0001\0002\000.\0003\000\040\147\345\167\013\142\100\147\011\123\330\221\317\040\024\040\024\000s\000e\000t}{section.7.12}% 162
\BOOKMARK [2][]{subsection.7.12.4}{\376\377\0007\000.\0001\0002\000.\0004\000\040\213\276\177\156\163\257\130\203\123\330\221\317\040\024\040\024\000e\000x\000p\000o\000r\000t}{section.7.12}% 163
\BOOKMARK [2][]{subsection.7.12.5}{\376\377\0007\000.\0001\0002\000.\0005\000\040\213\276\177\156\000P\000A\000T\000H\163\257\130\203\123\330\221\317}{section.7.12}% 164
\BOOKMARK [2][]{subsection.7.12.6}{\376\377\0007\000.\0001\0002\000.\0006\000\040\123\326\155\210\163\257\130\203\123\330\221\317}{section.7.12}% 165
\BOOKMARK [1][]{section.7.13}{\376\377\0007\000.\0001\0003\000\040\165\050\142\067\124\214\176\304}{chapter.7}% 166
\BOOKMARK [2][]{subsection.7.13.1}{\376\377\0007\000.\0001\0003\000.\0001\000\040\165\050\142\067\124\214\176\304\166\204\151\202\137\365}{section.7.13}% 167
\BOOKMARK [2][]{subsection.7.13.2}{\376\377\0007\000.\0001\0003\000.\0002\000\040\000/\000e\000t\000c\000/\000p\000a\000s\000s\000w\000d\145\207\116\366}{section.7.13}% 168
\BOOKMARK [2][]{subsection.7.13.3}{\376\377\0007\000.\0001\0003\000.\0003\000\040\000/\000e\000t\000c\000/\000g\000r\000o\000u\000p\145\207\116\366}{section.7.13}% 169
\BOOKMARK [1][]{section.7.14}{\376\377\0007\000.\0001\0004\000\040\116\000\116\233\154\350\141\017}{chapter.7}% 170
\BOOKMARK [1][]{section.7.15}{\376\377\0007\000.\0001\0005\000\040\124\015\213\315\211\343\221\312}{chapter.7}% 171
\BOOKMARK [0][]{chapter.8}{\376\377\0008\000\040\000L\000i\000n\000u\000x\124\175\116\344}{part.2}% 172
\BOOKMARK [1][]{section.8.1}{\376\377\0008\000.\0001\000\040\124\175\116\344\210\114\163\257\130\203\123\312\124\175\116\344\150\074\137\017}{chapter.8}% 173
\BOOKMARK [2][]{subsection.8.1.1}{\376\377\0008\000.\0001\000.\0001\000\040\220\032\221\115\173\046}{section.8.1}% 174
\BOOKMARK [2][]{subsection.8.1.2}{\376\377\0008\000.\0001\000.\0002\000\040\173\241\220\123\173\046}{section.8.1}% 175
\BOOKMARK [2][]{subsection.8.1.3}{\376\377\0008\000.\0001\000.\0003\000\040\117\134\116\032\143\247\122\066}{section.8.1}% 176
\BOOKMARK [1][]{section.8.2}{\376\377\0008\000.\0002\000\040\203\267\137\227\136\056\122\251\166\204\124\175\116\344}{chapter.8}% 177
\BOOKMARK [2][]{subsection.8.2.1}{\376\377\0008\000.\0002\000.\0001\000\040\000h\000e\000l\000p}{section.8.2}% 178
\BOOKMARK [2][]{subsection.8.2.2}{\376\377\0008\000.\0002\000.\0002\000\040\000m\000a\000n}{section.8.2}% 179
\BOOKMARK [1][]{section.8.3}{\376\377\0008\000.\0003\000\040\145\207\116\366\124\214\166\356\137\125\173\241\164\006\124\175\116\344}{chapter.8}% 180
\BOOKMARK [2][]{subsection.8.3.1}{\376\377\0008\000.\0003\000.\0001\000\040\000c\000d\040\024\040\024\145\071\123\330\137\123\122\115\215\357\137\204\166\204\124\175\116\344}{section.8.3}% 181
\BOOKMARK [2][]{subsection.8.3.2}{\376\377\0008\000.\0003\000.\0002\000\040\000p\000w\000d\040\024\040\024\147\345\167\013\137\123\122\115\215\357\137\204\124\175\116\344}{section.8.3}% 182
\BOOKMARK [2][]{subsection.8.3.3}{\376\377\0008\000.\0003\000.\0003\000\040\000l\000s\040\024\040\024\122\027\121\372\145\207\116\366\156\005\123\125\124\175\116\344}{section.8.3}% 183
\BOOKMARK [2][]{subsection.8.3.4}{\376\377\0008\000.\0003\000.\0004\000\040\000t\000a\000r\040\024\040\024\211\343\123\213\060\001\123\213\177\051\124\175\116\344}{section.8.3}% 184
\BOOKMARK [2][]{subsection.8.3.5}{\376\377\0008\000.\0003\000.\0005\000\040\000c\000h\000m\000o\000d\040\024\040\024\117\356\145\071\147\103\226\120\124\175\116\344}{section.8.3}% 185
\BOOKMARK [2][]{subsection.8.3.6}{\376\377\0008\000.\0003\000.\0006\000\040\000c\000h\000g\000r\000p\040\024\040\024\117\356\145\071\145\207\116\366\142\026\166\356\137\125\142\100\134\136\176\304\166\204\124\175\116\344}{section.8.3}% 186
\BOOKMARK [2][]{subsection.8.3.7}{\376\377\0008\000.\0003\000.\0007\000\040\000c\000h\000o\000w\000n\040\024\040\024\117\356\145\071\145\207\116\366\142\026\166\356\137\125\142\100\134\136\116\073\166\204\124\175\116\344}{section.8.3}% 187
\BOOKMARK [2][]{subsection.8.3.8}{\376\377\0008\000.\0003\000.\0008\000\040\000m\000k\000d\000i\000r\040\024\040\024\122\033\136\372\166\356\137\125\124\175\116\344}{section.8.3}% 188
\BOOKMARK [2][]{subsection.8.3.9}{\376\377\0008\000.\0003\000.\0009\000\040\000r\000m\000d\000i\000r\040\024\040\024\122\040\226\144\172\172\166\356\137\125\124\175\116\344}{section.8.3}% 189
\BOOKMARK [2][]{subsection.8.3.10}{\376\377\0008\000.\0003\000.\0001\0000\000\040\000m\000v\040\024\040\024\171\373\122\250\142\026\146\364\124\015\163\260\147\011\166\204\145\207\116\366\142\026\166\356\137\125}{section.8.3}% 190
\BOOKMARK [2][]{subsection.8.3.11}{\376\377\0008\000.\0003\000.\0001\0001\000\040\000r\000m\040\024\040\024\122\040\226\144\145\207\116\366\377\010\166\356\137\125\377\011\124\175\116\344}{section.8.3}% 191
\BOOKMARK [2][]{subsection.8.3.12}{\376\377\0008\000.\0003\000.\0001\0002\000\040\000c\000p\040\024\040\024\131\015\122\066\124\175\116\344}{section.8.3}% 192
\BOOKMARK [1][]{section.8.4}{\376\377\0008\000.\0004\000\040\147\345\167\013\124\175\116\344}{chapter.8}% 193
\BOOKMARK [2][]{subsection.8.4.1}{\376\377\0008\000.\0004\000.\0001\000\040\000m\000a\000n\040\024\040\024\147\345\167\013\124\175\116\344\142\113\121\214}{section.8.4}% 194
\BOOKMARK [2][]{subsection.8.4.2}{\376\377\0008\000.\0004\000.\0002\000\040\000f\000i\000l\000e\040\024\040\024\150\300\155\113\145\207\116\366\174\173\127\213}{section.8.4}% 195
\BOOKMARK [1][]{section.8.5}{\376\377\0008\000.\0005\000\040\145\207\147\054\131\004\164\006\124\175\116\344}{chapter.8}% 196
\BOOKMARK [2][]{subsection.8.5.1}{\376\377\0008\000.\0005\000.\0001\000\040\000a\000w\000k}{section.8.5}% 197
\BOOKMARK [2][]{subsection.8.5.2}{\376\377\0008\000.\0005\000.\0002\000\040\000g\000r\000e\000p}{section.8.5}% 198
\BOOKMARK [2][]{subsection.8.5.3}{\376\377\0008\000.\0005\000.\0003\000\040\000t\000r}{section.8.5}% 199
\BOOKMARK [2][]{subsection.8.5.4}{\376\377\0008\000.\0005\000.\0004\000\040\000c\000u\000t}{section.8.5}% 200
\BOOKMARK [2][]{subsection.8.5.5}{\376\377\0008\000.\0005\000.\0005\000\040\000w\000c}{section.8.5}% 201
\BOOKMARK [2][]{subsection.8.5.6}{\376\377\0008\000.\0005\000.\0006\000\040\000s\000e\000d}{section.8.5}% 202
\BOOKMARK [1][]{section.8.6}{\376\377\0008\000.\0006\000\040\217\223\121\372\124\175\116\344}{chapter.8}% 203
\BOOKMARK [2][]{subsection.8.6.1}{\376\377\0008\000.\0006\000.\0001\000\040\000e\000c\000h\000o}{section.8.6}% 204
\BOOKMARK [2][]{subsection.8.6.2}{\376\377\0008\000.\0006\000.\0002\000\040\000p\000r\000i\000n\000t\000f}{section.8.6}% 205
\BOOKMARK [1][]{section.8.7}{\376\377\0008\000.\0007\000\040\174\373\176\337\221\115\177\156\173\241\164\006\124\175\116\344}{chapter.8}% 206
\BOOKMARK [2][]{subsection.8.7.1}{\376\377\0008\000.\0007\000.\0001\000\040\000d\000a\000t\000e}{section.8.7}% 207
\BOOKMARK [2][]{subsection.8.7.2}{\376\377\0008\000.\0007\000.\0002\000\040\000s\000o\000u\000r\000c\000e}{section.8.7}% 208
\BOOKMARK [2][]{subsection.8.7.3}{\376\377\0008\000.\0007\000.\0003\000\040\000e\000x\000p\000o\000r\000t}{section.8.7}% 209
\BOOKMARK [2][]{subsection.8.7.4}{\376\377\0008\000.\0007\000.\0004\000\040\000u\000l\000i\000m\000i\000t}{section.8.7}% 210
\BOOKMARK [2][]{subsection.8.7.5}{\376\377\0008\000.\0007\000.\0005\000\040\000h\000i\000s\000t\000o\000r\000y}{section.8.7}% 211
\BOOKMARK [2][]{subsection.8.7.6}{\376\377\0008\000.\0007\000.\0006\000\040\000b\000a\000s\000e\000n\000a\000m\000e}{section.8.7}% 212
\BOOKMARK [2][]{subsection.8.7.7}{\376\377\0008\000.\0007\000.\0007\000\040\000p\000a\000s\000s\000w\000d\040\024\040\024\146\364\145\071\133\306\170\001\124\175\116\344}{section.8.7}% 213
\BOOKMARK [2][]{subsection.8.7.8}{\376\377\0008\000.\0007\000.\0008\000\040\000i\000c\000o\000n\000v\040\024\040\024\145\207\147\054\177\026\170\001\217\154\143\142\124\175\116\344}{section.8.7}% 214
\BOOKMARK [2][]{subsection.8.7.9}{\376\377\0008\000.\0007\000.\0009\000\040\000u\000l\000i\000m\000i\000t\124\175\116\344}{section.8.7}% 215
\BOOKMARK [1][]{section.8.8}{\376\377\0008\000.\0008\000\040\000M\000a\000k\000e\000f\000i\000l\000e}{chapter.8}% 216
\BOOKMARK [2][]{subsection.8.8.1}{\376\377\0008\000.\0008\000.\0001\000\040\000m\000a\000k\000e\124\175\116\344\166\204\127\372\147\054\165\050\154\325}{section.8.8}% 217
\BOOKMARK [0][]{chapter.9}{\376\377\0009\000\040\000S\000h\000e\000l\000l\000\040\000\046\000\040\000S\000h\000e\000l\000l\000\040\000S\000c\000r\000i\000p\000t}{part.2}% 218
\BOOKMARK [1][]{section.9.1}{\376\377\0009\000.\0001\000\040\116\300\116\110\146\057\000S\000h\000e\000l\000l}{chapter.9}% 219
\BOOKMARK [1][]{section.9.2}{\376\377\0009\000.\0002\000\040\136\070\211\301\166\204\000S\000h\000e\000l\000l}{chapter.9}% 220
\BOOKMARK [1][]{section.9.3}{\376\377\0009\000.\0003\000\040\000S\000h\000e\000l\000l\166\204\162\171\140\047}{chapter.9}% 221
\BOOKMARK [1][]{section.9.4}{\376\377\0009\000.\0004\000\040\000B\000a\000s\000h\000\040\000S\000h\000e\000l\000l\166\204\121\205\136\372\124\175\116\344}{chapter.9}% 222
\BOOKMARK [1][]{section.9.5}{\376\377\0009\000.\0005\000\040\000B\000a\000s\000h\166\204\217\333\172\331\116\016\153\042\217\316\117\341\140\157}{chapter.9}% 223
\BOOKMARK [1][]{section.9.6}{\376\377\0009\000.\0006\000\040\000S\000h\000e\000l\000l\166\204\221\115\177\156\145\207\116\366}{chapter.9}% 224
\BOOKMARK [2][]{subsection.9.6.1}{\376\377\0009\000.\0006\000.\0001\000\040\000l\000o\000g\000i\000n\116\016\000n\000o\000n\000-\000l\000o\000g\000i\000n\000\040\000S\000h\000e\000l\000l}{section.9.6}% 225
\BOOKMARK [2][]{subsection.9.6.2}{\376\377\0009\000.\0006\000.\0002\000\040\000/\000e\000t\000c\000/\000p\000r\000o\000f\000i\000l\000e}{section.9.6}% 226
\BOOKMARK [2][]{subsection.9.6.3}{\376\377\0009\000.\0006\000.\0003\000\040\000/\000.\000b\000a\000s\000h\000\137\000p\000r\000o\000f\000i\000l\000e\060\001\000/\000.\000b\000a\000s\000h\000\137\000l\000o\000g\000i\000n\124\214\000/\000.\000p\000r\000o\000f\000i\000l\000e}{section.9.6}% 227
\BOOKMARK [2][]{subsection.9.6.4}{\376\377\0009\000.\0006\000.\0004\000\040\000/\000.\000b\000a\000s\000h\000r\000c}{section.9.6}% 228
\BOOKMARK [2][]{subsection.9.6.5}{\376\377\0009\000.\0006\000.\0005\000\040\121\166\116\326\166\370\121\163\221\115\177\156\145\207\116\366}{section.9.6}% 229
\BOOKMARK [1][]{section.9.7}{\376\377\0009\000.\0007\000\040\220\032\221\115\173\046\116\016\162\171\153\212\173\046\123\367}{chapter.9}% 230
\BOOKMARK [2][]{subsection.9.7.1}{\376\377\0009\000.\0007\000.\0001\000\040\000`\000`\377\136\000'\000'\124\016\177\000\166\204\145\207\116\366}{section.9.7}% 231
\BOOKMARK [2][]{subsection.9.7.2}{\376\377\0009\000.\0007\000.\0002\000\040\123\315\145\234\147\140}{section.9.7}% 232
\BOOKMARK [1][]{section.9.8}{\376\377\0009\000.\0008\000\040\116\300\116\110\146\057\000S\000h\000e\000l\000l\201\032\147\054}{chapter.9}% 233
\BOOKMARK [2][]{subsection.9.8.1}{\376\377\0009\000.\0008\000.\0001\000\040\000S\000h\000e\000l\000l\000\040\201\032\147\054\166\204\173\054\116\000\210\114}{section.9.8}% 234
\BOOKMARK [2][]{subsection.9.8.2}{\376\377\0009\000.\0008\000.\0002\000\040\000S\000h\000e\000l\000l\201\032\147\054\166\204\142\147\210\114}{section.9.8}% 235
\BOOKMARK [2][]{subsection.9.8.3}{\376\377\0009\000.\0008\000.\0003\000\040\000S\000h\000e\000l\000l\201\032\147\054\166\204\154\350\221\312}{section.9.8}% 236
\BOOKMARK [2][]{subsection.9.8.4}{\376\377\0009\000.\0008\000.\0004\000\040\000S\000h\000e\000l\000l\201\032\147\054\166\204\145\207\116\366\123\005\124\053}{section.9.8}% 237
\BOOKMARK [1][]{section.9.9}{\376\377\0009\000.\0009\000\040\217\223\121\145\217\223\121\372\221\315\133\232\124\021}{chapter.9}% 238
\BOOKMARK [2][]{subsection.9.9.1}{\376\377\0009\000.\0009\000.\0001\000\040\217\223\121\372\221\315\133\232\124\021}{section.9.9}% 239
\BOOKMARK [2][]{subsection.9.9.2}{\376\377\0009\000.\0009\000.\0002\000\040\217\223\121\145\221\315\133\232\124\021}{section.9.9}% 240
\BOOKMARK [2][]{subsection.9.9.3}{\376\377\0009\000.\0009\000.\0003\000\040\221\315\133\232\124\021\155\361\121\145\213\262\211\343}{section.9.9}% 241
\BOOKMARK [2][]{subsection.9.9.4}{\376\377\0009\000.\0009\000.\0004\000\040\000H\000e\000r\000e\000\040\000D\000o\000c\000u\000m\000e\000n\000t}{section.9.9}% 242
\BOOKMARK [2][]{subsection.9.9.5}{\376\377\0009\000.\0009\000.\0005\000\040\000/\000d\000e\000v\000/\000n\000u\000l\000l\145\207\116\366}{section.9.9}% 243
\BOOKMARK [1][]{section.9.10}{\376\377\0009\000.\0001\0000\000\040\123\330\221\317}{chapter.9}% 244
\BOOKMARK [2][]{subsection.9.10.1}{\376\377\0009\000.\0001\0000\000.\0001\000\040\133\232\116\111\123\330\221\317}{section.9.10}% 245
\BOOKMARK [2][]{subsection.9.10.2}{\376\377\0009\000.\0001\0000\000.\0002\000\040\117\177\165\050\123\330\221\317}{section.9.10}% 246
\BOOKMARK [2][]{subsection.9.10.3}{\376\377\0009\000.\0001\0000\000.\0003\000\040\221\315\145\260\133\232\116\111\123\330\221\317}{section.9.10}% 247
\BOOKMARK [2][]{subsection.9.10.4}{\376\377\0009\000.\0001\0000\000.\0004\000\040\123\352\213\373\123\330\221\317}{section.9.10}% 248
\BOOKMARK [2][]{subsection.9.10.5}{\376\377\0009\000.\0001\0000\000.\0005\000\040\122\040\226\144\123\330\221\317}{section.9.10}% 249
\BOOKMARK [2][]{subsection.9.10.6}{\376\377\0009\000.\0001\0000\000.\0006\000\040\123\330\221\317\174\173\127\213}{section.9.10}% 250
\BOOKMARK [2][]{subsection.9.10.7}{\376\377\0009\000.\0001\0000\000.\0007\000\040\162\171\153\212\123\330\221\317}{section.9.10}% 251
\BOOKMARK [2][]{subsection.9.10.8}{\376\377\0009\000.\0001\0000\000.\0008\000\040\225\056\166\330\213\373\123\326\123\330\221\317}{section.9.10}% 252
\BOOKMARK [2][]{subsection.9.10.9}{\376\377\0009\000.\0001\0000\000.\0009\000\040\123\330\221\317\130\360\146\016}{section.9.10}% 253
\BOOKMARK [1][]{section.9.11}{\376\377\0009\000.\0001\0001\000\040\146\377\143\142}{chapter.9}% 254
\BOOKMARK [2][]{subsection.9.11.1}{\376\377\0009\000.\0001\0001\000.\0001\000\040\217\154\116\111\133\127\173\046}{section.9.11}% 255
\BOOKMARK [2][]{subsection.9.11.2}{\376\377\0009\000.\0001\0001\000.\0002\000\040\124\175\116\344\146\377\143\142}{section.9.11}% 256
\BOOKMARK [2][]{subsection.9.11.3}{\376\377\0009\000.\0001\0001\000.\0003\000\040\123\330\221\317\146\377\143\142}{section.9.11}% 257
\BOOKMARK [1][]{section.9.12}{\376\377\0009\000.\0001\0002\000\040\145\160\176\304}{chapter.9}% 258
\BOOKMARK [2][]{subsection.9.12.1}{\376\377\0009\000.\0001\0002\000.\0001\000\040\133\232\116\111\145\160\176\304}{section.9.12}% 259
\BOOKMARK [2][]{subsection.9.12.2}{\376\377\0009\000.\0001\0002\000.\0002\000\040\213\373\123\326\145\160\176\304}{section.9.12}% 260
\BOOKMARK [2][]{subsection.9.12.3}{\376\377\0009\000.\0001\0002\000.\0003\000\040\203\267\123\326\145\160\176\304\166\204\225\177\136\246}{section.9.12}% 261
\BOOKMARK [1][]{section.9.13}{\376\377\0009\000.\0001\0003\000\040\217\320\173\227\173\046}{chapter.9}% 262
\BOOKMARK [2][]{subsection.9.13.1}{\376\377\0009\000.\0001\0003\000.\0001\000\040\173\227\147\057\217\320\173\227}{section.9.13}% 263
\BOOKMARK [2][]{subsection.9.13.2}{\376\377\0009\000.\0001\0003\000.\0002\000\040\121\163\174\373\217\320\173\227\173\046}{section.9.13}% 264
\BOOKMARK [2][]{subsection.9.13.3}{\376\377\0009\000.\0001\0003\000.\0003\000\040\136\003\134\024\217\320\173\227\173\046}{section.9.13}% 265
\BOOKMARK [2][]{subsection.9.13.4}{\376\377\0009\000.\0001\0003\000.\0004\000\040\133\127\173\046\116\062\217\320\173\227\173\046}{section.9.13}% 266
\BOOKMARK [2][]{subsection.9.13.5}{\376\377\0009\000.\0001\0003\000.\0005\000\040\145\207\116\366\155\113\213\325\217\320\173\227\173\046}{section.9.13}% 267
\BOOKMARK [1][]{section.9.14}{\376\377\0009\000.\0001\0004\000\040\133\127\173\046\116\062}{chapter.9}% 268
\BOOKMARK [1][]{section.9.15}{\376\377\0009\000.\0001\0005\000\040\147\141\116\366\122\044\145\255}{chapter.9}% 269
\BOOKMARK [2][]{subsection.9.15.1}{\376\377\0009\000.\0001\0005\000.\0001\000\040\000i\000f\213\355\123\345}{section.9.15}% 270
\BOOKMARK [2][]{subsection.9.15.2}{\376\377\0009\000.\0001\0005\000.\0002\000\040\000i\000f\000\040\213\355\123\345\116\055\166\204\000\040\000-\000a\122\060\000-\000z}{section.9.15}% 271
\BOOKMARK [2][]{subsection.9.15.3}{\376\377\0009\000.\0001\0005\000.\0003\000\040\000c\000a\000s\000e\000\040\213\355\123\345}{section.9.15}% 272
\BOOKMARK [1][]{section.9.16}{\376\377\0009\000.\0001\0006\000\040\137\252\163\257}{chapter.9}% 273
\BOOKMARK [2][]{subsection.9.16.1}{\376\377\0009\000.\0001\0006\000.\0001\000\040\000f\000o\000r\137\252\163\257}{section.9.16}% 274
\BOOKMARK [2][]{subsection.9.16.2}{\376\377\0009\000.\0001\0006\000.\0002\000\040\000w\000h\000i\000l\000e\137\252\163\257}{section.9.16}% 275
\BOOKMARK [2][]{subsection.9.16.3}{\376\377\0009\000.\0001\0006\000.\0003\000\040\000u\000n\000t\000i\000l\137\252\163\257}{section.9.16}% 276
\BOOKMARK [2][]{subsection.9.16.4}{\376\377\0009\000.\0001\0006\000.\0004\000\040\215\363\121\372\137\252\163\257}{section.9.16}% 277
\BOOKMARK [1][]{section.9.17}{\376\377\0009\000.\0001\0007\000\040\121\375\145\160}{chapter.9}% 278
\BOOKMARK [2][]{subsection.9.17.1}{\376\377\0009\000.\0001\0007\000.\0001\000\040\121\375\145\160\166\204\133\232\116\111}{section.9.17}% 279
\BOOKMARK [2][]{subsection.9.17.2}{\376\377\0009\000.\0001\0007\000.\0002\000\040\121\375\145\160\217\324\126\336\120\074}{section.9.17}% 280
\BOOKMARK [2][]{subsection.9.17.3}{\376\377\0009\000.\0001\0007\000.\0003\000\040\121\375\145\160\123\302\145\160}{section.9.17}% 281
\BOOKMARK [2][]{subsection.9.17.4}{\376\377\0009\000.\0001\0007\000.\0004\000\040\121\375\145\160\214\003\165\050}{section.9.17}% 282
\BOOKMARK [2][]{subsection.9.17.5}{\376\377\0009\000.\0001\0007\000.\0005\000\040\176\310\172\357\214\003\165\050\121\375\145\160}{section.9.17}% 283
\BOOKMARK [2][]{subsection.9.17.6}{\376\377\0009\000.\0001\0007\000.\0006\000\040\122\040\226\144\121\375\145\160}{section.9.17}% 284
\BOOKMARK [0][]{chapter.10}{\376\377\0001\0000\000\040\000L\000i\000n\000u\000x\166\204\127\372\147\054\144\315\117\134}{part.2}% 285
\BOOKMARK [1][]{section.10.1}{\376\377\0001\0000\000.\0001\000\040\217\157\116\366\133\211\210\305}{chapter.10}% 286
\BOOKMARK [2][]{subsection.10.1.1}{\376\377\0001\0000\000.\0001\000.\0001\000\040\156\220\116\343\170\001\133\211\210\305}{section.10.1}% 287
\BOOKMARK [2][]{subsection.10.1.2}{\376\377\0001\0000\000.\0001\000.\0002\000\040\217\157\116\366\173\241\164\006\135\345\121\167\000r\000p\000m\000/\000d\000p\000k\000g\133\211\210\305}{section.10.1}% 288
\BOOKMARK [2][]{subsection.10.1.3}{\376\377\0001\0000\000.\0001\000.\0003\000\040\124\175\116\344\210\114\177\121\176\334\127\050\176\277\133\211\210\305}{section.10.1}% 289
\BOOKMARK [2][]{subsection.10.1.4}{\376\377\0001\0000\000.\0001\000.\0004\000\040\126\376\137\142\123\026\177\121\176\334\127\050\176\277\133\211\210\305}{section.10.1}% 290
\BOOKMARK [1][]{section.10.2}{\376\377\0001\0000\000.\0002\000\040\133\236\165\050\137\353\143\167\225\056}{chapter.10}% 291
\BOOKMARK [-1][]{part.3}{\376\377\173\054\116\011\220\350\122\006\000\040\145\160\120\074\145\271\154\325}{}% 292
\BOOKMARK [0][]{chapter.11}{\376\377\0001\0001\000\040\136\070\137\256\122\006\145\271\172\013\000d\000y\000d\000x\000=\000f\000\050\000x\000,\000y\000\051\166\204\145\160\120\074\211\343\154\325}{part.3}% 293
\BOOKMARK [1][]{section.11.1}{\376\377\0001\0001\000.\0001\000\040\173\200\123\125\145\160\120\074\145\271\154\325\116\016\127\372\147\054\151\202\137\365}{chapter.11}% 294
\BOOKMARK [2][]{subsection.11.1.1}{\376\377\0001\0001\000.\0001\000.\0001\000\040\153\047\142\311\154\325}{section.11.1}% 295
\BOOKMARK [2][]{subsection.11.1.2}{\376\377\0001\0001\000.\0001\000.\0002\000\040\124\016\220\000\153\047\142\311\154\325\377\010\226\220\137\017\377\011}{section.11.1}% 296
\BOOKMARK [2][]{subsection.11.1.3}{\376\377\0001\0001\000.\0001\000.\0003\000\040\150\257\137\142\121\154\137\017\377\010\226\220\137\017\377\011}{section.11.1}% 297
\BOOKMARK [2][]{subsection.11.1.4}{\376\377\0001\0001\000.\0001\000.\0004\000\040\145\071\217\333\153\047\142\311\154\325}{section.11.1}% 298
\BOOKMARK [2][]{subsection.11.1.5}{\376\377\0001\0001\000.\0001\000.\0005\000\040\123\125\153\145\154\325\166\204\134\100\220\350\142\052\145\255\213\357\135\356\116\016\226\066}{section.11.1}% 299
\BOOKMARK [1][]{section.11.2}{\376\377\0001\0001\000.\0002\000\040\237\231\150\074\040\024\136\223\130\124\154\325}{chapter.11}% 300
\BOOKMARK [2][]{subsection.11.2.1}{\376\377\0001\0001\000.\0002\000.\0001\000\040\146\076\137\017\237\231\150\074\000-\136\223\130\124\154\325\166\204\116\000\202\054\137\142\137\017}{section.11.2}% 301
\BOOKMARK [2][]{subsection.11.2.2}{\376\377\0001\0001\000.\0002\000.\0002\000\040\116\214\226\066\146\076\137\017\000R\000-\000K\154\325}{section.11.2}% 302
\BOOKMARK [2][]{subsection.11.2.3}{\376\377\0001\0001\000.\0002\000.\0003\000\040\116\011\226\066\146\076\137\017\237\231\150\074\000-\136\223\130\124\154\325}{section.11.2}% 303
\BOOKMARK [2][]{subsection.11.2.4}{\376\377\0001\0001\000.\0002\000.\0004\000\040\126\333\226\066\237\231\150\074\000-\136\223\130\124\154\325}{section.11.2}% 304
\BOOKMARK [1][]{section.11.3}{\376\377\0001\0001\000.\0003\000\040\124\004\171\315\145\271\154\325\166\204\136\224\165\050\116\076\117\213\123\312\133\371\153\324}{chapter.11}% 305
\BOOKMARK [2][]{subsection.11.3.1}{\376\377\0001\0001\000.\0003\000.\0001\000\040\174\276\170\156\211\343}{section.11.3}% 306
\BOOKMARK [2][]{subsection.11.3.2}{\376\377\0001\0001\000.\0003\000.\0002\000\040\153\047\142\311\154\325\154\102\211\343}{section.11.3}% 307
\BOOKMARK [2][]{subsection.11.3.3}{\376\377\0001\0001\000.\0003\000.\0003\000\040\145\071\217\333\153\047\142\311\154\325\154\102\211\343}{section.11.3}% 308
\BOOKMARK [2][]{subsection.11.3.4}{\376\377\0001\0001\000.\0003\000.\0004\000\040\126\333\226\066\237\231\150\074\000-\136\223\130\124\154\325\154\102\211\343}{section.11.3}% 309
\BOOKMARK [1][]{section.11.4}{\376\377\0001\0001\000.\0004\000\040\126\333\226\066\237\231\150\074\136\223\130\124\154\325\172\013\136\217}{chapter.11}% 310
\BOOKMARK [2][]{subsection.11.4.1}{\376\377\0001\0001\000.\0004\000.\0001\000\040\126\333\226\066\237\231\150\074\136\223\130\124\154\325\154\102\211\343\116\000\226\066\137\256\122\006\145\271\172\013\176\304}{section.11.4}% 311
\BOOKMARK [2][]{subsection.11.4.2}{\376\377\0001\0001\000.\0004\000.\0002\000\040\133\232\153\145\225\177\220\032\165\050\126\333\226\066\237\231\150\074\136\223\130\124\172\013\136\217}{section.11.4}% 312
\BOOKMARK [2][]{subsection.11.4.3}{\376\377\0001\0001\000.\0004\000.\0003\000\040\201\352\220\002\136\224\153\145\225\177\220\032\165\050\126\333\226\066\237\231\150\074\136\223\130\124\172\013\136\217}{section.11.4}% 313
\BOOKMARK [0][]{chapter.12}{\376\377\0001\0002\000\040\130\006\143\222\136\217}{part.3}% 314
\BOOKMARK [1][]{section.12.1}{\376\377\0001\0002\000.\0001\000\040\130\006\166\204\133\232\116\111}{chapter.12}% 315
\BOOKMARK [1][]{section.12.2}{\376\377\0001\0002\000.\0002\000\040\130\006\166\204\120\250\133\130}{chapter.12}% 316
\BOOKMARK [1][]{section.12.3}{\376\377\0001\0002\000.\0003\000\040\130\006\143\222\136\217\166\204\140\035\140\363}{chapter.12}% 317
\BOOKMARK [1][]{section.12.4}{\376\377\0001\0002\000.\0004\000\040\130\006\143\222\136\217\133\236\117\213}{chapter.12}% 318
\BOOKMARK [0][]{chapter.13}{\376\377\0001\0003\000\040\135\356\122\006\217\333\123\026\173\227\154\325}{part.3}% 319
\BOOKMARK [1][]{section.13.1}{\376\377\0001\0003\000.\0001\000\040\200\314\146\157}{chapter.13}% 320
\BOOKMARK [1][]{section.13.2}{\376\377\0001\0003\000.\0002\000\040\121\167\117\123\153\145\232\244}{chapter.13}% 321
\BOOKMARK [0][]{chapter.14}{\376\377\0001\0004\000\040\145\160\120\074\213\241\173\227\136\223}{part.3}% 322
\BOOKMARK [1][]{section.14.1}{\376\377\0001\0004\000.\0001\000\040\000I\000n\000t\000e\000l\000\040\000M\000K\000L}{chapter.14}% 323
\BOOKMARK [2][]{subsection.14.1.1}{\376\377\0001\0004\000.\0001\000.\0001\000\040\000I\000n\000t\000e\000l\000\040\000M\000K\000L\173\200\116\313}{section.14.1}% 324
\BOOKMARK [2][]{subsection.14.1.2}{\376\377\0001\0004\000.\0001\000.\0002\000\040\124\175\124\015\211\304\122\031}{section.14.1}% 325
\BOOKMARK [2][]{subsection.14.1.3}{\376\377\0001\0004\000.\0001\000.\0003\000\040\117\177\165\050\137\303\137\227}{section.14.1}% 326
\BOOKMARK [1][]{section.14.2}{\376\377\0001\0004\000.\0002\000\040\000F\000F\000T\000W}{chapter.14}% 327
\BOOKMARK [2][]{subsection.14.2.1}{\376\377\0001\0004\000.\0002\000.\0001\000\040\000F\000F\000T\000W\166\204\173\200\116\313}{section.14.2}% 328
\BOOKMARK [2][]{subsection.14.2.2}{\376\377\0001\0004\000.\0002\000.\0002\000\040\133\211\210\305\214\003\165\050}{section.14.2}% 329
\BOOKMARK [2][]{subsection.14.2.3}{\376\377\0001\0004\000.\0002\000.\0003\000\040\133\236\117\213}{section.14.2}% 330
\BOOKMARK [1][]{section.14.3}{\376\377\0001\0004\000.\0003\000\040\000B\000L\000A\000S}{chapter.14}% 331
\BOOKMARK [2][]{subsection.14.3.1}{\376\377\0001\0004\000.\0003\000.\0001\000\040\000B\000L\000A\000S\173\200\116\313}{section.14.3}% 332
\BOOKMARK [1][]{section.14.4}{\376\377\0001\0004\000.\0004\000\040\000G\000L\000S}{chapter.14}% 333
\BOOKMARK [2][]{subsection.14.4.1}{\376\377\0001\0004\000.\0004\000.\0001\000\040\000G\000L\000S\133\211\210\305\217\307\172\013}{section.14.4}% 334
\BOOKMARK [2][]{subsection.14.4.2}{\376\377\0001\0004\000.\0004\000.\0002\000\040\117\177\165\050\133\236\117\213}{section.14.4}% 335
\BOOKMARK [1][]{section.14.5}{\376\377\0001\0004\000.\0005\000\040\000L\000a\000p\000a\000c\000k}{chapter.14}% 336
\BOOKMARK [2][]{subsection.14.5.1}{\376\377\0001\0004\000.\0005\000.\0001\000\040\117\177\165\050\133\236\117\213}{section.14.5}% 337
\BOOKMARK [1][]{section.14.6}{\376\377\0001\0004\000.\0006\000\040\000a\000n\000y\000s\000c\000h\000r\000o\000e\000d}{chapter.14}% 338
\BOOKMARK [-1][]{part.4}{\376\377\173\054\126\333\220\350\122\006\000\040\000P\000r\000o\000g\000r\000a\000m\000m\000i\000n\000g}{}% 339
\BOOKMARK [0][]{chapter.15}{\376\377\0001\0005\000\040\177\026\172\013\145\345\137\327}{part.4}% 340
\BOOKMARK [0][]{chapter.16}{\376\377\0001\0006\000\040\000P\000y\000t\000h\000o\000n}{part.4}% 341
\BOOKMARK [1][]{section.16.1}{\376\377\0001\0006\000.\0001\000\040\121\306\131\007\135\345\117\134}{chapter.16}% 342
\BOOKMARK [2][]{subsection.16.1.1}{\376\377\0001\0006\000.\0001\000.\0001\000\040\133\211\210\305\152\041\127\127}{section.16.1}% 343
\BOOKMARK [2][]{subsection.16.1.2}{\376\377\0001\0006\000.\0001\000.\0002\000\040\000U\000b\000u\000n\000t\000u\122\007\143\142\000P\000y\000t\000h\000o\000n\0003}{section.16.1}% 344
\BOOKMARK [2][]{subsection.16.1.3}{\376\377\0001\0006\000.\0001\000.\0003\000\040\000P\000y\000t\000h\000o\000n\201\032\147\054\177\026\170\001\213\276\177\156}{section.16.1}% 345
\BOOKMARK [2][]{subsection.16.1.4}{\376\377\0001\0006\000.\0001\000.\0004\000\040\213\276\177\156\201\032\147\054\211\343\221\312\126\150\166\204\162\110\147\054}{section.16.1}% 346
\BOOKMARK [2][]{subsection.16.1.5}{\376\377\0001\0006\000.\0001\000.\0005\000\040\201\032\147\054\166\204\142\147\210\114}{section.16.1}% 347
\BOOKMARK [1][]{section.16.2}{\376\377\0001\0006\000.\0002\000\040\000P\000y\000t\000h\000o\000n\0002\000.\000*\116\016\000P\000y\000t\000h\000o\000n\0003\000.\000*\166\204\116\073\211\201\123\330\123\026}{chapter.16}% 348
\BOOKMARK [2][]{subsection.16.2.1}{\376\377\0001\0006\000.\0002\000.\0001\000\040\000p\000r\000i\000n\000t\213\355\123\345\145\071\142\020\000p\000r\000i\000n\000t\000\050\000\051\121\375\145\160}{section.16.2}% 349
\BOOKMARK [2][]{subsection.16.2.2}{\376\377\0001\0006\000.\0002\000.\0002\000\040\000T\000y\000p\000e\000E\000r\000r\000o\000r\000:\000\040\000`\000s\000t\000r\000'\000\040\000d\000o\000e\000s\000\040\000n\000o\000t\000\040\000s\000u\000p\000p\000o\000r\000t\000\040\000t\000h\000e\000\040\000b\000u\000f\000f\000e\000r\000\040\000i\000n\000t\000e\000r\000f\000a\000c\000e}{section.16.2}% 350
\BOOKMARK [1][]{section.16.3}{\376\377\0001\0006\000.\0003\000\040\127\372\147\054\213\355\154\325}{chapter.16}% 351
\BOOKMARK [2][]{subsection.16.3.1}{\376\377\0001\0006\000.\0003\000.\0001\000\040\154\350\221\312}{section.16.3}% 352
\BOOKMARK [2][]{subsection.16.3.2}{\376\377\0001\0006\000.\0003\000.\0002\000\040\150\007\213\306\173\046}{section.16.3}% 353
\BOOKMARK [2][]{subsection.16.3.3}{\376\377\0001\0006\000.\0003\000.\0003\000\040\117\335\165\131\133\127\173\046}{section.16.3}% 354
\BOOKMARK [2][]{subsection.16.3.4}{\376\377\0001\0006\000.\0003\000.\0004\000\040\177\051\217\333}{section.16.3}% 355
\BOOKMARK [2][]{subsection.16.3.5}{\376\377\0001\0006\000.\0003\000.\0005\000\040\131\032\210\114\213\355\123\345}{section.16.3}% 356
\BOOKMARK [2][]{subsection.16.3.6}{\376\377\0001\0006\000.\0003\000.\0006\000\040\137\025\123\367}{section.16.3}% 357
\BOOKMARK [2][]{subsection.16.3.7}{\376\377\0001\0006\000.\0003\000.\0007\000\040\172\172\210\114}{section.16.3}% 358
\BOOKMARK [2][]{subsection.16.3.8}{\376\377\0001\0006\000.\0003\000.\0008\000\040\124\014\116\000\210\114\146\076\171\072\131\032\147\141\213\355\123\345}{section.16.3}% 359
\BOOKMARK [2][]{subsection.16.3.9}{\376\377\0001\0006\000.\0003\000.\0009\000\040\131\032\116\052\213\355\123\345\147\204\142\020\116\343\170\001\176\304}{section.16.3}% 360
\BOOKMARK [1][]{section.16.4}{\376\377\0001\0006\000.\0004\000\040\123\330\221\317\215\113\120\074}{chapter.16}% 361
\BOOKMARK [1][]{section.16.5}{\376\377\0001\0006\000.\0005\000\040\150\007\121\306\145\160\143\156\174\173\127\213}{chapter.16}% 362
\BOOKMARK [2][]{subsection.16.5.1}{\376\377\0001\0006\000.\0005\000.\0001\000\040\145\160\133\127}{section.16.5}% 363
\BOOKMARK [2][]{subsection.16.5.2}{\376\377\0001\0006\000.\0005\000.\0002\000\040\133\127\173\046\116\062}{section.16.5}% 364
\BOOKMARK [2][]{subsection.16.5.3}{\376\377\0001\0006\000.\0005\000.\0003\000\040\122\027\210\150}{section.16.5}% 365
\BOOKMARK [2][]{subsection.16.5.4}{\376\377\0001\0006\000.\0005\000.\0004\000\040\121\103\176\304}{section.16.5}% 366
\BOOKMARK [2][]{subsection.16.5.5}{\376\377\0001\0006\000.\0005\000.\0005\000\040\133\127\121\170}{section.16.5}% 367
\BOOKMARK [2][]{subsection.16.5.6}{\376\377\0001\0006\000.\0005\000.\0006\000\040\145\160\143\156\174\173\127\213\217\154\143\142}{section.16.5}% 368
\BOOKMARK [1][]{section.16.6}{\376\377\0001\0006\000.\0006\000\040\217\223\121\145\116\016\217\223\121\372}{chapter.16}% 369
\BOOKMARK [2][]{subsection.16.6.1}{\376\377\0001\0006\000.\0006\000.\0001\000\040\213\373\123\326\225\056\166\330\217\223\121\145}{section.16.6}% 370
\BOOKMARK [2][]{subsection.16.6.2}{\376\377\0001\0006\000.\0006\000.\0002\000\040\217\223\121\372}{section.16.6}% 371
\BOOKMARK [2][]{subsection.16.6.3}{\376\377\0001\0006\000.\0006\000.\0003\000\040\150\074\137\017\123\026\217\223\121\372}{section.16.6}% 372
\BOOKMARK [2][]{subsection.16.6.4}{\376\377\0001\0006\000.\0006\000.\0004\000\040\150\074\137\017\123\026\217\223\121\372\116\076\117\213}{section.16.6}% 373
\BOOKMARK [2][]{subsection.16.6.5}{\376\377\0001\0006\000.\0006\000.\0005\000\040\000p\000y\000t\000h\000o\000n\213\373\121\145\000c\000s\000v\166\204\116\011\171\315\145\271\137\017}{section.16.6}% 374
\BOOKMARK [1][]{section.16.7}{\376\377\0001\0006\000.\0007\000\040\145\207\116\366\123\312\166\356\137\125\144\315\117\134}{chapter.16}% 375
\BOOKMARK [2][]{subsection.16.7.1}{\376\377\0001\0006\000.\0007\000.\0001\000\040\142\123\137\000\124\214\121\163\225\355\145\207\116\366}{section.16.7}% 376
\BOOKMARK [2][]{subsection.16.7.2}{\376\377\0001\0006\000.\0007\000.\0002\000\040\213\373\123\326\124\214\121\231\121\145\145\207\116\366}{section.16.7}% 377
\BOOKMARK [2][]{subsection.16.7.3}{\376\377\0001\0006\000.\0007\000.\0003\000\040\221\315\124\175\124\015\124\214\122\040\226\144\145\207\116\366}{section.16.7}% 378
\BOOKMARK [2][]{subsection.16.7.4}{\376\377\0001\0006\000.\0007\000.\0004\000\040\122\033\136\372\124\214\122\040\226\144\166\356\137\125}{section.16.7}% 379
\BOOKMARK [1][]{section.16.8}{\376\377\0001\0006\000.\0008\000\040\217\320\173\227\173\046}{chapter.16}% 380
\BOOKMARK [2][]{subsection.16.8.1}{\376\377\0001\0006\000.\0008\000.\0001\000\040\173\227\147\057\217\320\173\227\173\046}{section.16.8}% 381
\BOOKMARK [2][]{subsection.16.8.2}{\376\377\0001\0006\000.\0008\000.\0002\000\040\153\324\217\203\217\320\173\227\173\046}{section.16.8}% 382
\BOOKMARK [2][]{subsection.16.8.3}{\376\377\0001\0006\000.\0008\000.\0003\000\040\215\113\120\074\217\320\173\227\173\046}{section.16.8}% 383
\BOOKMARK [2][]{subsection.16.8.4}{\376\377\0001\0006\000.\0008\000.\0004\000\040\117\115\217\320\173\227\173\046}{section.16.8}% 384
\BOOKMARK [2][]{subsection.16.8.5}{\376\377\0001\0006\000.\0008\000.\0005\000\040\220\073\217\221\217\320\173\227\173\046}{section.16.8}% 385
\BOOKMARK [2][]{subsection.16.8.6}{\376\377\0001\0006\000.\0008\000.\0006\000\040\142\020\124\130\217\320\173\227\173\046}{section.16.8}% 386
\BOOKMARK [2][]{subsection.16.8.7}{\376\377\0001\0006\000.\0008\000.\0007\000\040\216\253\116\375\217\320\173\227\173\046}{section.16.8}% 387
\BOOKMARK [2][]{subsection.16.8.8}{\376\377\0001\0006\000.\0008\000.\0008\000\040\217\320\173\227\173\046\117\030\121\110\176\247}{section.16.8}% 388
\BOOKMARK [1][]{section.16.9}{\376\377\0001\0006\000.\0009\000\040\147\141\116\366\213\355\123\345}{chapter.16}% 389
\BOOKMARK [1][]{section.16.10}{\376\377\0001\0006\000.\0001\0000\000\040\137\252\163\257\213\355\123\345}{chapter.16}% 390
\BOOKMARK [2][]{subsection.16.10.1}{\376\377\0001\0006\000.\0001\0000\000.\0001\000\040\000f\000o\000r\137\252\163\257}{section.16.10}% 391
\BOOKMARK [2][]{subsection.16.10.2}{\376\377\0001\0006\000.\0001\0000\000.\0002\000\040\000w\000h\000i\000l\000e\137\252\163\257}{section.16.10}% 392
\BOOKMARK [2][]{subsection.16.10.3}{\376\377\0001\0006\000.\0001\0000\000.\0003\000\040\137\252\163\257\135\114\131\127}{section.16.10}% 393
\BOOKMARK [1][]{section.16.11}{\376\377\0001\0006\000.\0001\0001\000\040\137\252\163\257\143\247\122\066\213\355\123\345}{chapter.16}% 394
\BOOKMARK [2][]{subsection.16.11.1}{\376\377\0001\0006\000.\0001\0001\000.\0001\000\040\000b\000r\000e\000a\000k\213\355\123\345}{section.16.11}% 395
\BOOKMARK [2][]{subsection.16.11.2}{\376\377\0001\0006\000.\0001\0001\000.\0002\000\040\000c\000o\000n\000t\000i\000n\000u\000e\213\355\123\345}{section.16.11}% 396
\BOOKMARK [2][]{subsection.16.11.3}{\376\377\0001\0006\000.\0001\0001\000.\0003\000\040\000p\000a\000s\000s\213\355\123\345}{section.16.11}% 397
\BOOKMARK [1][]{section.16.12}{\376\377\0001\0006\000.\0001\0002\000\040\121\375\145\160}{chapter.16}% 398
\BOOKMARK [2][]{subsection.16.12.1}{\376\377\0001\0006\000.\0001\0002\000.\0001\000\040\133\232\116\111\121\375\145\160}{section.16.12}% 399
\BOOKMARK [2][]{subsection.16.12.2}{\376\377\0001\0006\000.\0001\0002\000.\0002\000\040\121\375\145\160\214\003\165\050}{section.16.12}% 400
\BOOKMARK [2][]{subsection.16.12.3}{\376\377\0001\0006\000.\0001\0002\000.\0003\000\040\121\375\145\160\123\302\145\160}{section.16.12}% 401
\BOOKMARK [2][]{subsection.16.12.4}{\376\377\0001\0006\000.\0001\0002\000.\0004\000\040\123\077\124\015\121\375\145\160}{section.16.12}% 402
\BOOKMARK [2][]{subsection.16.12.5}{\376\377\0001\0006\000.\0001\0002\000.\0005\000\040\000r\000e\000t\000u\000r\000n\213\355\123\345}{section.16.12}% 403
\BOOKMARK [2][]{subsection.16.12.6}{\376\377\0001\0006\000.\0001\0002\000.\0006\000\040\134\100\220\350\124\214\121\150\134\100\123\330\221\317}{section.16.12}% 404
\BOOKMARK [2][]{subsection.16.12.7}{\376\377\0001\0006\000.\0001\0002\000.\0007\000\040\145\160\133\146\136\070\221\317}{section.16.12}% 405
\BOOKMARK [2][]{subsection.16.12.8}{\376\377\0001\0006\000.\0001\0002\000.\0008\000\040\145\160\133\146\121\375\145\160\040\024\040\024\000m\000a\000t\000h\152\041\127\127}{section.16.12}% 406
\BOOKMARK [2][]{subsection.16.12.9}{\376\377\0001\0006\000.\0001\0002\000.\0009\000\040\226\217\147\072\145\160\121\375\145\160\040\024\040\024\000r\000a\000n\000d\000o\000m\152\041\127\127}{section.16.12}% 407
\BOOKMARK [1][]{section.16.13}{\376\377\0001\0006\000.\0001\0003\000\040\152\041\127\127}{chapter.16}% 408
\BOOKMARK [2][]{subsection.16.13.1}{\376\377\0001\0006\000.\0001\0003\000.\0001\000\040\000i\000m\000p\000o\000r\000t\213\355\123\345}{section.16.13}% 409
\BOOKMARK [2][]{subsection.16.13.2}{\376\377\0001\0006\000.\0001\0003\000.\0002\000\040\000f\000r\000o\000m\040\046\000i\000m\000p\000o\000r\000t\000\040\213\355\123\345}{section.16.13}% 410
\BOOKMARK [2][]{subsection.16.13.3}{\376\377\0001\0006\000.\0001\0003\000.\0003\000\040\000f\000r\000o\000m\040\046\000i\000m\000p\000o\000r\000t\000*\000\040\213\355\123\345}{section.16.13}% 411
\BOOKMARK [2][]{subsection.16.13.4}{\376\377\0001\0006\000.\0001\0003\000.\0004\000\040\133\232\117\115\152\041\127\127}{section.16.13}% 412
\BOOKMARK [2][]{subsection.16.13.5}{\376\377\0001\0006\000.\0001\0003\000.\0005\000\040\000P\000Y\000T\000H\000O\000N\000P\000A\000T\000H\000\040\123\330\221\317}{section.16.13}% 413
\BOOKMARK [2][]{subsection.16.13.6}{\376\377\0001\0006\000.\0001\0003\000.\0006\000\040\124\175\124\015\172\172\225\364\124\214\117\134\165\050\127\337}{section.16.13}% 414
\BOOKMARK [2][]{subsection.16.13.7}{\376\377\0001\0006\000.\0001\0003\000.\0007\000\040\000d\000i\000r\000\050\000\051\121\375\145\160}{section.16.13}% 415
\BOOKMARK [2][]{subsection.16.13.8}{\376\377\0001\0006\000.\0001\0003\000.\0008\000\040\000g\000l\000o\000b\000a\000l\000s\000\050\000\051\124\214\000l\000o\000c\000a\000l\000s\000\050\000\051\121\375\145\160}{section.16.13}% 416
\BOOKMARK [2][]{subsection.16.13.9}{\376\377\0001\0006\000.\0001\0003\000.\0009\000\040\000r\000e\000l\000o\000a\000d\000\050\000\051\000\040\121\375\145\160}{section.16.13}% 417
\BOOKMARK [2][]{subsection.16.13.10}{\376\377\0001\0006\000.\0001\0003\000.\0001\0000\000\040\000\040\000P\000y\000t\000h\000o\000n\116\055\166\204\123\005}{section.16.13}% 418
\BOOKMARK [1][]{section.16.14}{\376\377\0001\0006\000.\0001\0004\000\040\227\142\124\021\133\371\214\141}{chapter.16}% 419
\BOOKMARK [2][]{subsection.16.14.1}{\376\377\0001\0006\000.\0001\0004\000.\0001\000\040\227\142\124\021\133\371\214\141\142\200\147\057\173\200\116\313}{section.16.14}% 420
\BOOKMARK [2][]{subsection.16.14.2}{\376\377\0001\0006\000.\0001\0004\000.\0002\000\040\122\033\136\372\174\173}{section.16.14}% 421
\BOOKMARK [1][]{section.16.15}{\376\377\0001\0006\000.\0001\0005\000\040\152\041\127\127\133\146\116\140}{chapter.16}% 422
\BOOKMARK [2][]{subsection.16.15.1}{\376\377\0001\0006\000.\0001\0005\000.\0001\000\040\000o\000p\000t\000p\000a\000r\000s\000e\152\041\127\127}{section.16.15}% 423
\BOOKMARK [2][]{subsection.16.15.2}{\376\377\0001\0006\000.\0001\0005\000.\0002\000\040\000o\000s\152\041\127\127}{section.16.15}% 424
\BOOKMARK [2][]{subsection.16.15.3}{\376\377\0001\0006\000.\0001\0005\000.\0003\000\040\000s\000y\000s\152\041\127\127}{section.16.15}% 425
\BOOKMARK [1][]{section.16.16}{\376\377\0001\0006\000.\0001\0006\000\040\000P\000y\000t\000h\000o\000n\000\040\121\205\177\156\162\171\153\212\121\375\145\160}{chapter.16}% 426
\BOOKMARK [1][]{section.16.17}{\376\377\0001\0006\000.\0001\0007\000\040\000P\000y\000t\000h\000o\000n\000\040\145\160\120\074\213\241\173\227\136\223\000N\000u\000m\000P\000y\124\214\000S\000c\000i\000P\000y}{chapter.16}% 427
\BOOKMARK [2][]{subsection.16.17.1}{\376\377\0001\0006\000.\0001\0007\000.\0001\000\040\145\207\116\366\133\130\123\326}{section.16.17}% 428
\BOOKMARK [0][]{chapter.17}{\376\377\0001\0007\000\040\000M\000a\000r\000k\000d\000o\000w\000n}{part.4}% 429
\BOOKMARK [1][]{section.17.1}{\376\377\0001\0007\000.\0001\000\040\173\200\116\313}{chapter.17}% 430
\BOOKMARK [1][]{section.17.2}{\376\377\0001\0007\000.\0002\000\040\153\265\204\075\145\207\133\127\177\026\121\231}{chapter.17}% 431
\BOOKMARK [2][]{subsection.17.2.1}{\376\377\0001\0007\000.\0002\000.\0001\000\040\172\172\150\074\116\016\145\255\210\114}{section.17.2}% 432
\BOOKMARK [2][]{subsection.17.2.2}{\376\377\0001\0007\000.\0002\000.\0002\000\040\145\234\117\123\116\016\122\240\174\227}{section.17.2}% 433
\BOOKMARK [2][]{subsection.17.2.3}{\376\377\0001\0007\000.\0002\000.\0003\000\040\137\025\165\050\145\207\133\127}{section.17.2}% 434
\BOOKMARK [2][]{subsection.17.2.4}{\376\377\0001\0007\000.\0002\000.\0004\000\040\150\007\230\230}{section.17.2}% 435
\BOOKMARK [2][]{subsection.17.2.5}{\376\377\0001\0007\000.\0002\000.\0005\000\040\122\027\210\150}{section.17.2}% 436
\BOOKMARK [1][]{section.17.3}{\376\377\0001\0007\000.\0003\000\040\215\205\224\376\143\245}{chapter.17}% 437
\BOOKMARK [2][]{subsection.17.3.1}{\376\377\0001\0007\000.\0003\000.\0001\000\040\210\114\121\205\213\355\154\325}{section.17.3}% 438
\BOOKMARK [2][]{subsection.17.3.2}{\376\377\0001\0007\000.\0003\000.\0002\000\040\123\302\200\003\213\355\154\325}{section.17.3}% 439
\BOOKMARK [1][]{section.17.4}{\376\377\0001\0007\000.\0004\000\040\143\322\126\376}{chapter.17}% 440
\BOOKMARK [2][]{subsection.17.4.1}{\376\377\0001\0007\000.\0004\000.\0001\000\040\210\114\121\205\213\355\154\325}{section.17.4}% 441
\BOOKMARK [2][]{subsection.17.4.2}{\376\377\0001\0007\000.\0004\000.\0002\000\040\123\302\200\003\213\355\154\325}{section.17.4}% 442
\BOOKMARK [1][]{section.17.5}{\376\377\0001\0007\000.\0005\000\040\116\343\170\001\146\076\171\072}{chapter.17}% 443
\BOOKMARK [2][]{subsection.17.5.1}{\376\377\0001\0007\000.\0005\000.\0001\000\040\210\114\121\205\116\343\170\001}{section.17.5}% 444
\BOOKMARK [2][]{subsection.17.5.2}{\376\377\0001\0007\000.\0005\000.\0002\000\040\210\114\225\364\116\343\170\001}{section.17.5}% 445
\BOOKMARK [1][]{section.17.6}{\376\377\0001\0007\000.\0006\000\040\166\204\117\134\165\050}{chapter.17}% 446
\BOOKMARK [0][]{chapter.18}{\376\377\0001\0008\000\040\000F\000o\000r\000t\000r\000a\000n}{part.4}% 447
\BOOKMARK [1][]{section.18.1}{\376\377\0001\0008\000.\0001\000\040\124\321\121\103}{chapter.18}% 448
\BOOKMARK [1][]{section.18.2}{\376\377\0001\0008\000.\0002\000\040\123\314\121\222\123\367}{chapter.18}% 449
\BOOKMARK [1][]{section.18.3}{\376\377\0001\0008\000.\0003\000\040\155\156\160\271\127\213\123\330\221\317\130\360\146\016\166\204\150\074\137\017}{chapter.18}% 450
\BOOKMARK [1][]{section.18.4}{\376\377\0001\0008\000.\0004\000\040\217\223\121\145\217\223\121\372\166\204\150\074\137\017\124\175\116\344}{chapter.18}% 451
\BOOKMARK [1][]{section.18.5}{\376\377\0001\0008\000.\0005\000\040\145\164\145\160\217\154\133\127\173\046\116\062\040\024\040\024\116\247\165\037\136\217\122\027\145\207\116\366\124\015}{chapter.18}% 452
\BOOKMARK [1][]{section.18.6}{\376\377\0001\0008\000.\0006\000\040\000F\000o\000r\000t\000r\000a\000n\150\074\137\017\217\223\121\372\040\024\040\024\116\015\143\142\210\114\116\016\143\142\210\114}{chapter.18}% 453
\BOOKMARK [1][]{section.18.7}{\376\377\0001\0008\000.\0007\000\040\000g\000e\000t\000a\000r\000g\060\001\000i\000a\000r\000g\000c\060\001\000t\000r\000i\000m\166\204\165\050\154\325}{chapter.18}% 454
\BOOKMARK [1][]{section.18.8}{\376\377\0001\0008\000.\0008\000\040\000h\000u\000g\000e}{chapter.18}% 455
\BOOKMARK [0][]{chapter.19}{\376\377\0001\0009\000\040\000C\000\046\000C\000+\000+}{part.4}% 456
\BOOKMARK [1][]{section.19.1}{\376\377\0001\0009\000.\0001\000\040\000L\000i\000n\000u\000x\116\013\166\204\137\000\156\220\177\026\213\321\126\150}{chapter.19}% 457
\BOOKMARK [1][]{section.19.2}{\376\377\0001\0009\000.\0002\000\040\145\160\176\304\166\204\116\013\150\007}{chapter.19}% 458
\BOOKMARK [0][]{chapter.20}{\376\377\0002\0000\000\040\000C}{part.4}% 459
\BOOKMARK [1][]{section.20.1}{\376\377\0002\0000\000.\0001\000\040\000s\000t\000a\000t\000i\000c\121\163\225\056\133\127\211\343\147\220}{chapter.20}% 460
\BOOKMARK [1][]{section.20.2}{\376\377\0002\0000\000.\0002\000\040\145\207\116\366\144\315\117\134}{chapter.20}% 461
\BOOKMARK [2][]{subsection.20.2.1}{\376\377\0002\0000\000.\0002\000.\0001\000\040\145\207\116\366\166\204\127\372\147\054\151\202\137\365}{section.20.2}% 462
\BOOKMARK [2][]{subsection.20.2.2}{\376\377\0002\0000\000.\0002\000.\0002\000\040\000f\000o\000p\000e\000n\121\375\145\160}{section.20.2}% 463
\BOOKMARK [0][]{chapter.21}{\376\377\0002\0001\000\040\000C\000+\000+}{part.4}% 464
\BOOKMARK [1][]{section.21.1}{\376\377\0002\0001\000.\0001\000\040\145\207\116\366\123\005\124\053\131\004\164\006\000\043\000i\000n\000c\000l\000u\000d\000e}{chapter.21}% 465
\BOOKMARK [2][]{subsection.21.1.1}{\376\377\0002\0001\000.\0001\000.\0001\000\040\145\207\116\366\123\005\124\053\166\204\117\134\165\050}{section.21.1}% 466
\BOOKMARK [2][]{subsection.21.1.2}{\376\377\0002\0001\000.\0001\000.\0002\000\040\000i\000n\000c\000l\000u\000d\000e\124\175\116\344\166\204\116\044\171\315\137\142\137\017}{section.21.1}% 467
\BOOKMARK [1][]{section.21.2}{\376\377\0002\0001\000.\0002\000\040\121\163\116\216\000C\000+\000+\150\007\121\306\136\223}{chapter.21}% 468
\BOOKMARK [0][]{chapter.22}{\376\377\0002\0002\000\040\000L\000a\000b\000V\000I\000E\000W}{part.4}% 469
\BOOKMARK [1][]{section.22.1}{\376\377\0002\0002\000.\0001\000\040\154\350\141\017\116\213\230\171}{chapter.22}% 470
\BOOKMARK [1][]{section.22.2}{\376\377\0002\0002\000.\0002\000\040\137\353\143\167\225\056}{chapter.22}% 471
\BOOKMARK [1][]{section.22.3}{\376\377\0002\0002\000.\0003\000\040\127\372\147\054\162\171\140\047}{chapter.22}% 472
\BOOKMARK [2][]{subsection.22.3.1}{\376\377\0002\0002\000.\0003\000.\0001\000\040\134\136\140\047\202\202\160\271}{section.22.3}% 473
\BOOKMARK [2][]{subsection.22.3.2}{\376\377\0002\0002\000.\0003\000.\0002\000\040\116\213\116\366}{section.22.3}% 474
\BOOKMARK [2][]{subsection.22.3.3}{\376\377\0002\0002\000.\0003\000.\0003\000\040\133\120\000V\000i}{section.22.3}% 475
\BOOKMARK [1][]{section.22.4}{\376\377\0002\0002\000.\0004\000\040\165\050\142\067\165\114\227\142\213\276\213\241}{chapter.22}% 476
\BOOKMARK [1][]{section.22.5}{\376\377\0002\0002\000.\0005\000\040\214\003\165\050\000D\000L\000L\122\250\140\001\224\376\143\245\136\223}{chapter.22}% 477
\BOOKMARK [2][]{subsection.22.5.1}{\376\377\0002\0002\000.\0005\000.\0001\000\040\000D\000L\000L}{section.22.5}% 478
\BOOKMARK [2][]{subsection.22.5.2}{\376\377\0002\0002\000.\0005\000.\0002\000\040\000C\000L\000N\124\214\000C\000I\000N\202\202\160\271}{section.22.5}% 479
\BOOKMARK [2][]{subsection.22.5.3}{\376\377\0002\0002\000.\0005\000.\0003\000\040\000L\000a\000b\000V\000I\000E\000W\214\003\165\050\000D\000L\000L\116\055\166\204\121\375\145\160\116\345\123\312\142\113\122\250\221\115\177\156\000C\000L\000N\202\202\160\271}{section.22.5}% 480
\BOOKMARK [2][]{subsection.22.5.4}{\376\377\0002\0002\000.\0005\000.\0004\000\040\142\212\000D\000L\000L\116\055\166\204\121\375\145\160\123\005\210\305\142\020\133\120\000V\000I}{section.22.5}% 481
\BOOKMARK [1][]{section.22.6}{\376\377\0002\0002\000.\0006\000\040\000N\000I\000-\000D\000A\000Q\000m\000x\000\040\145\160\143\156\221\307\226\306}{chapter.22}% 482
\BOOKMARK [2][]{subsection.22.6.1}{\376\377\0002\0002\000.\0006\000.\0001\000\040\000N\000I\000-\000D\000A\000Q\000m\000x\173\200\116\313\116\016\133\211\210\305}{section.22.6}% 483
\BOOKMARK [2][]{subsection.22.6.2}{\376\377\0002\0002\000.\0006\000.\0002\000\040\000M\000A\000X\123\312\122\033\136\372\000N\000I\000-\000D\000A\000Q\000m\000x\206\132\142\337\213\276\131\007}{section.22.6}% 484
\BOOKMARK [2][]{subsection.22.6.3}{\376\377\0002\0002\000.\0006\000.\0003\000\040\000D\000A\000Q\122\251\142\113}{section.22.6}% 485
\BOOKMARK [2][]{subsection.22.6.4}{\376\377\0002\0002\000.\0006\000.\0004\000\040\000N\000I\000-\000D\000A\000Q\000m\000x\000\040\000V\000I}{section.22.6}% 486
\BOOKMARK [1][]{section.22.7}{\376\377\0002\0002\000.\0007\000\040\000E\000M\000C\000C\000D}{chapter.22}% 487
\BOOKMARK [2][]{subsection.22.7.1}{\376\377\0002\0002\000.\0007\000.\0001\000\040\000C\000D\000D\174\173\127\213\173\200\116\313}{section.22.7}% 488
\BOOKMARK [2][]{subsection.22.7.2}{\376\377\0002\0002\000.\0007\000.\0002\000\040\000E\000M\000C\000C\000D\124\214\000I\000C\000C\000D\166\204\137\002\124\014}{section.22.7}% 489
\BOOKMARK [1][]{section.22.8}{\376\377\0002\0002\000.\0008\000\040\000P\000I\000-\000M\000A\000X\0003\127\213\000C\000C\000D\000\040\000L\000a\000b\000V\000I\000E\000W\123\302\145\160\213\276\177\156\133\146\116\140}{chapter.22}% 490
\BOOKMARK [1][]{section.22.9}{\376\377\0002\0002\000.\0009\000\040\000P\000I\000-\000M\000A\000X\0003\121\111\214\061\221\307\226\306\000L\000a\000b\000V\000I\000E\000W\172\013\136\217\211\343\147\220}{chapter.22}% 491
\BOOKMARK [-1][]{part.5}{\376\377\173\054\116\224\220\350\122\006\000\040\000P\000a\000r\000a\000l\000l\000e\000l\000\040\000c\000o\000m\000p\000u\000t\000i\000n\000g}{}% 492
\BOOKMARK [0][]{chapter.23}{\376\377\0002\0003\000\040\200\314\146\157\167\345\213\306}{part.5}% 493
\BOOKMARK [1][]{section.23.1}{\376\377\0002\0003\000.\0001\000\040\136\166\210\114\213\355\212\000}{chapter.23}% 494
